<?xml version="1.0" encoding="UTF-8"?>
<testng-results ignored="0" total="2" passed="1" failed="1" skipped="0">
  <reporter-output>
  </reporter-output>
  <suite started-at="2025-08-19T13:05:55 IST" name="Default suite" finished-at="2025-08-19T13:06:05 IST" duration-ms="10087">
    <groups>
    </groups>
    <test started-at="2025-08-19T13:05:55 IST" name="Default test" finished-at="2025-08-19T13:06:05 IST" duration-ms="10087">
      <class name="com.devkey.company.ui_automation_practice.tests.HerokuappHomePageVerifcation">
        <test-method is-config="true" signature="initialiseReporting()[pri:0, instance:com.devkey.company.ui_automation_practice.tests.HerokuappHomePageVerifcation@10e41621]" started-at="2025-08-19T13:05:55 IST" name="initialiseReporting" finished-at="2025-08-19T13:05:55 IST" duration-ms="164" status="PASS">
          <reporter-output>
          </reporter-output>
        </test-method> <!-- initialiseReporting -->
        <test-method is-config="true" signature="initPageObjects(java.lang.reflect.Method)[pri:0, instance:com.devkey.company.ui_automation_practice.tests.HerokuappHomePageVerifcation@10e41621]" started-at="2025-08-19T13:05:55 IST" name="initPageObjects" finished-at="2025-08-19T13:05:59 IST" duration-ms="3827" status="PASS">
          <params>
            <param index="0">
              <value>
                <![CDATA[public void com.devkey.company.ui_automation_practice.tests.HerokuappHomePageVerifcation.homePageTitleVerification() throws java.lang.InterruptedException]]>
              </value>
            </param>
          </params>
          <reporter-output>
          </reporter-output>
        </test-method> <!-- initPageObjects -->
        <test-method signature="homePageTitleVerification()[pri:0, instance:com.devkey.company.ui_automation_practice.tests.HerokuappHomePageVerifcation@10e41621]" started-at="2025-08-19T13:05:59 IST" name="homePageTitleVerification" finished-at="2025-08-19T13:06:02 IST" duration-ms="3015" status="FAIL">
          <exception class="java.lang.AssertionError">
            <message>
              <![CDATA[Expected and actual titles do not match.  expected [Th Internet] but found [The Internet]]]>
            </message>
            <full-stacktrace>
              <![CDATA[java.lang.AssertionError: Expected and actual titles do not match.  expected [Th Internet] but found [The Internet]
at org.testng.Assert.fail(Assert.java:99)
at org.testng.Assert.failNotEquals(Assert.java:1037)
at org.testng.Assert.assertEqualsImpl(Assert.java:140)
at org.testng.Assert.assertEquals(Assert.java:122)
at org.testng.Assert.assertEquals(Assert.java:629)
at com.devkey.company.ui_automation_practice.tests.HerokuappHomePageVerifcation.homePageTitleVerification(HerokuappHomePageVerifcation.java:34)
at java.base/jdk.internal.reflect.DirectMethodHandleAccessor.invoke(DirectMethodHandleAccessor.java:103)
at java.base/java.lang.reflect.Method.invoke(Method.java:580)
at org.testng.internal.MethodInvocationHelper.invokeMethod(MethodInvocationHelper.java:133)
at org.testng.internal.TestInvoker.invokeMethod(TestInvoker.java:598)
at org.testng.internal.TestInvoker.invokeTestMethod(TestInvoker.java:173)
at org.testng.internal.MethodRunner.runInSequence(MethodRunner.java:46)
at org.testng.internal.TestInvoker$MethodInvocationAgent.invoke(TestInvoker.java:824)
at org.testng.internal.TestInvoker.invokeTestMethods(TestInvoker.java:146)
at org.testng.internal.TestMethodWorker.invokeTestMethods(TestMethodWorker.java:146)
at org.testng.internal.TestMethodWorker.run(TestMethodWorker.java:128)
at java.base/java.util.ArrayList.forEach(ArrayList.java:1596)
at org.testng.TestRunner.privateRun(TestRunner.java:794)
at org.testng.TestRunner.run(TestRunner.java:596)
at org.testng.SuiteRunner.runTest(SuiteRunner.java:377)
at org.testng.SuiteRunner.runSequentially(SuiteRunner.java:371)
at org.testng.SuiteRunner.privateRun(SuiteRunner.java:332)
at org.testng.SuiteRunner.run(SuiteRunner.java:276)
at org.testng.SuiteRunnerWorker.runSuite(SuiteRunnerWorker.java:53)
at org.testng.SuiteRunnerWorker.run(SuiteRunnerWorker.java:96)
at org.testng.TestNG.runSuitesSequentially(TestNG.java:1212)
at org.testng.TestNG.runSuitesLocally(TestNG.java:1134)
at org.testng.TestNG.runSuites(TestNG.java:1063)
at org.testng.TestNG.run(TestNG.java:1031)
at org.testng.remote.AbstractRemoteTestNG.run(AbstractRemoteTestNG.java:115)
at org.testng.remote.RemoteTestNG.initAndRun(RemoteTestNG.java:251)
at org.testng.remote.RemoteTestNG.main(RemoteTestNG.java:77)
]]>
            </full-stacktrace>
          </exception> <!-- java.lang.AssertionError -->
          <reporter-output>
          </reporter-output>
        </test-method> <!-- homePageTitleVerification -->
        <test-method is-config="true" signature="tearDown(org.testng.ITestResult)[pri:0, instance:com.devkey.company.ui_automation_practice.tests.HerokuappHomePageVerifcation@10e41621]" started-at="2025-08-19T13:06:02 IST" name="tearDown" finished-at="2025-08-19T13:06:02 IST" duration-ms="72" status="PASS">
          <params>
            <param index="0">
              <value>
                <![CDATA[[TestResult name=homePageTitleVerification status=FAILURE method=HerokuappHomePageVerifcation.homePageTitleVerification()[pri:0, instance:com.devkey.company.ui_automation_practice.tests.HerokuappHomePageVerifcation@10e41621] output={null}]]]>
              </value>
            </param>
          </params>
          <reporter-output>
          </reporter-output>
        </test-method> <!-- tearDown -->
        <test-method is-config="true" signature="initPageObjects(java.lang.reflect.Method)[pri:0, instance:com.devkey.company.ui_automation_practice.tests.HerokuappHomePageVerifcation@10e41621]" started-at="2025-08-19T13:06:02 IST" name="initPageObjects" finished-at="2025-08-19T13:06:05 IST" duration-ms="3063" status="PASS">
          <params>
            <param index="0">
              <value>
                <![CDATA[public void com.devkey.company.ui_automation_practice.tests.HerokuappHomePageVerifcation.homePageWelcomeMessageVerification()]]>
              </value>
            </param>
          </params>
          <reporter-output>
          </reporter-output>
        </test-method> <!-- initPageObjects -->
        <test-method signature="homePageWelcomeMessageVerification()[pri:0, instance:com.devkey.company.ui_automation_practice.tests.HerokuappHomePageVerifcation@10e41621]" started-at="2025-08-19T13:06:05 IST" name="homePageWelcomeMessageVerification" finished-at="2025-08-19T13:06:05 IST" duration-ms="24" status="PASS">
          <reporter-output>
          </reporter-output>
        </test-method> <!-- homePageWelcomeMessageVerification -->
        <test-method is-config="true" signature="tearDown(org.testng.ITestResult)[pri:0, instance:com.devkey.company.ui_automation_practice.tests.HerokuappHomePageVerifcation@10e41621]" started-at="2025-08-19T13:06:05 IST" name="tearDown" finished-at="2025-08-19T13:06:05 IST" duration-ms="69" status="PASS">
          <params>
            <param index="0">
              <value>
                <![CDATA[[TestResult name=homePageWelcomeMessageVerification status=SUCCESS method=HerokuappHomePageVerifcation.homePageWelcomeMessageVerification()[pri:0, instance:com.devkey.company.ui_automation_practice.tests.HerokuappHomePageVerifcation@10e41621] output={null}]]]>
              </value>
            </param>
          </params>
          <reporter-output>
          </reporter-output>
        </test-method> <!-- tearDown -->
        <test-method is-config="true" signature="closeExtentReport()[pri:0, instance:com.devkey.company.ui_automation_practice.tests.HerokuappHomePageVerifcation@10e41621]" started-at="2025-08-19T13:06:05 IST" name="closeExtentReport" finished-at="2025-08-19T13:06:05 IST" duration-ms="171" status="PASS">
          <reporter-output>
          </reporter-output>
        </test-method> <!-- closeExtentReport -->
      </class> <!-- com.devkey.company.ui_automation_practice.tests.HerokuappHomePageVerifcation -->
    </test> <!-- Default test -->
  </suite> <!-- Default suite -->
</testng-results>
